2025-10-02 12:48:09 [main] INFO  es.wara.PeopleViewApp - === INICIO DE PEOPLE VIEW APP ===
2025-10-02 12:48:09 [JavaFX Application Thread] INFO  es.wara.PeopleViewApp - Iniciando aplicación JavaFX - PeopleViewApp
2025-10-02 12:53:51 [main] INFO  es.wara.PeopleViewApp - === INICIO DE PEOPLE VIEW APP ===
2025-10-02 12:53:51 [JavaFX Application Thread] INFO  es.wara.PeopleViewApp - Iniciando aplicación JavaFX - PeopleViewApp
2025-10-02 12:56:32 [main] INFO  es.wara.PeopleViewApp - === INICIO DE PEOPLE VIEW APP ===
2025-10-02 12:56:32 [JavaFX Application Thread] INFO  es.wara.PeopleViewApp - Iniciando aplicación JavaFX - PeopleViewApp
2025-10-02 12:58:10 [main] INFO  es.wara.PeopleViewApp - === INICIO DE PEOPLE VIEW APP ===
2025-10-02 12:58:10 [JavaFX Application Thread] INFO  es.wara.PeopleViewApp - Iniciando aplicación JavaFX - PeopleViewApp
2025-10-02 12:58:11 [JavaFX Application Thread] INFO  es.wara.database.Propiedades - Archivo configuration.properties cargado con ruta alternativa
2025-10-02 12:59:01 [main] INFO  es.wara.PeopleViewApp - === INICIO DE PEOPLE VIEW APP ===
2025-10-02 12:59:01 [JavaFX Application Thread] INFO  es.wara.PeopleViewApp - Iniciando aplicación JavaFX - PeopleViewApp
2025-10-02 12:59:02 [JavaFX Application Thread] INFO  es.wara.database.Propiedades - Archivo configuration.properties cargado con ruta alternativa
2025-10-02 12:59:02 [JavaFX Application Thread] INFO  es.wara.database.ConectionDB - Conexión establecida con dbpersonas
2025-10-02 12:59:02 [JavaFX Application Thread] INFO  es.wara.database.ConectionDB - Conexión cerrada
2025-10-02 12:59:02 [JavaFX Application Thread] INFO  es.wara.PeopleViewApp - Archivo FXML cargado exitosamente
2025-10-02 12:59:02 [JavaFX Application Thread] INFO  es.wara.PeopleViewApp - Mostrando ventana principal de la aplicación
2025-10-02 12:59:02 [JavaFX Application Thread] INFO  es.wara.PeopleViewApp - Aplicación JavaFX iniciada correctamente
2025-10-02 12:59:06 [JavaFX Application Thread] INFO  es.wara.control.TableViewController - Eliminando 2 filas seleccionadas: [4, 5]
2025-10-02 12:59:06 [JavaFX Application Thread] INFO  es.wara.database.ConectionDB - Conexión establecida con dbpersonas
2025-10-02 12:59:06 [JavaFX Application Thread] INFO  es.wara.database.ConectionDB - Conexión cerrada
2025-10-02 12:59:06 [JavaFX Application Thread] INFO  es.wara.database.ConectionDB - Conexión establecida con dbpersonas
2025-10-02 12:59:06 [JavaFX Application Thread] INFO  es.wara.database.ConectionDB - Conexión cerrada
2025-10-02 12:59:06 [JavaFX Application Thread] INFO  es.wara.control.TableViewController - Eliminación exitosa.
2 persona(s) eliminada(s).
Total restante: 4
